<?xml version="1.0" encoding="UTF-8"?>
<!-- Generated by org.testng.reporters.JUnitReportReporter -->
<testsuite skipped="0" hostname="DESKTOP-QL0138I" name="com.learnautomation.testcases.LoginTestCRM" tests="2" failures="0" timestamp="17 Feb 2019 13:43:21 GMT" time="7.171" errors="0">
  <testcase name="loginApp" time="7.171" classname="com.learnautomation.testcases.LoginTestCRM"/>
  <testcase name="loginApp1" time="0.000" classname="com.learnautomation.testcases.LoginTestCRM"/>
</testsuite> <!-- com.learnautomation.testcases.LoginTestCRM -->
